<?xml version="1.0" encoding="UTF-8"?>
<!-- Generated by org.testng.reporters.JUnitXMLReporter -->
<testsuite hostname="DESKTOP-TRCAD55" ignored="1" name="Test" tests="3" failures="0" timestamp="2021-12-28T15:23:31 IST" time="252.245" errors="0">
  <testcase name="hotelbooking" time="100.591" classname="org.Mini_Project_Mvn.Testng_Runner_class_Adactin"/>
  <testcase name="hotelbooking2" time="84.284" classname="org.Mini_Project_Mvn.Testng_Runner_class_Adactin"/>
  <testcase name="hotelbooking2" time="66.948" classname="org.Mini_Project_Mvn.Testng_Runner_class_Adactin"/>
  <testcase name="hotel" time="0.0" classname="org.Mini_Project_Mvn.Testng_Runner_class_Adactin">
    <ignored/>
  </testcase> <!-- hotel -->
</testsuite> <!-- Test -->
